<?xml version="1.0" encoding="UTF-8"?>
<!-- Generated by org.testng.reporters.JUnitReportReporter -->
<testsuite hostname="LATITUDE" failures="0" tests="6" name="testSuite.API_TestSuite" time="23.900" errors="0" timestamp="2025-06-08T22:08:04 IST" skipped="0">
  <testcase classname="testSuite.API_TestSuite" name="verifyPostCall" time="7.023"/>
  <testcase classname="testSuite.API_TestSuite" name="verifyGetCall" time="3.102"/>
  <testcase classname="testSuite.API_TestSuite" name="verifyGetAllBookingIds" time="3.609"/>
  <testcase classname="testSuite.API_TestSuite" name="verifyPutCall" time="2.975"/>
  <testcase classname="testSuite.API_TestSuite" name="verifyPatchCall" time="4.122"/>
  <testcase classname="testSuite.API_TestSuite" name="verifyDeleteCall" time="3.069"/>
</testsuite> <!-- testSuite.API_TestSuite -->
