<?xml version="1.0" encoding="UTF-8"?>
<!-- Generated by org.testng.reporters.JUnitReportReporter -->
<testsuite hostname="LATITUDE" failures="0" tests="5" name="testSuite.API_TestSuite" time="19.920" errors="0" timestamp="2025-06-08T20:05:26 IST" skipped="0">
  <testcase classname="testSuite.API_TestSuite" name="verifyPostCall" time="6.957"/>
  <testcase classname="testSuite.API_TestSuite" name="verifyGetCall" time="3.411"/>
  <testcase classname="testSuite.API_TestSuite" name="verifyPutCall" time="3.461"/>
  <testcase classname="testSuite.API_TestSuite" name="verifyPatchCall" time="3.034"/>
  <testcase classname="testSuite.API_TestSuite" name="verifyDeleteCall" time="3.057"/>
</testsuite> <!-- testSuite.API_TestSuite -->
