<?xml version="1.0" encoding="UTF-8"?>
<!-- Generated by org.testng.reporters.JUnitReportReporter -->
<testsuite hostname="LATITUDE" failures="0" tests="6" name="testSuite.API_TestSuite" time="26.728" errors="0" timestamp="2025-06-08T20:15:42 IST" skipped="0">
  <testcase classname="testSuite.API_TestSuite" name="verifyPostCall" time="10.053"/>
  <testcase classname="testSuite.API_TestSuite" name="verifyGetCall" time="3.581"/>
  <testcase classname="testSuite.API_TestSuite" name="verifyGetAllBookingIds" time="3.522"/>
  <testcase classname="testSuite.API_TestSuite" name="verifyPutCall" time="2.984"/>
  <testcase classname="testSuite.API_TestSuite" name="verifyPatchCall" time="3.477"/>
  <testcase classname="testSuite.API_TestSuite" name="verifyDeleteCall" time="3.111"/>
</testsuite> <!-- testSuite.API_TestSuite -->
