<?xml version="1.0" encoding="UTF-8"?>
<!-- Generated by org.testng.reporters.JUnitReportReporter -->
<testsuite hostname="LATITUDE" failures="0" tests="1" name="testpack2.GetCalls" time="5.540" errors="0" timestamp="2025-05-30T18:12:04 IST" skipped="0">
  <testcase classname="testpack2.GetCalls" name="getBookingDetailsById" time="5.540"/>
</testsuite> <!-- testpack2.GetCalls -->
